<?xml version="1.0" encoding="UTF-8"?>
<persistence xmlns="http://java.sun.com/xml/ns/persistence"
             xmlns:xsi="http://www.w3.org/2001/XMLSchema-instance"
             xsi:schemaLocation="http://java.sun.com/xml/ns/persistence http://java.sun.com/xml/ns/persistence/persistence_2_0.xsd"
             version="2.0">

    <persistence-unit name="spatialPU" transaction-type="JTA">
        <provider>org.hibernate.jpa.HibernatePersistenceProvider</provider>
        <jta-data-source>java:jboss/datasources/uvms_spatial</jta-data-source>
        <mapping-file>META-INF/orm.xml</mapping-file>

        <properties>
            <property name="hibernate.show_sql" value="true"/>
            <property name="hibernate.dialect" value="org.hibernate.spatial.dialect.postgis.PostgisDialect"/>
        </properties>
    </persistence-unit>

</persistence>