<?xml version="1.0" encoding="UTF-8"?>
<persistence xmlns="http://java.sun.com/xml/ns/persistence"
             xmlns:xsi="http://www.w3.org/2001/XMLSchema-instance"
             xsi:schemaLocation="http://java.sun.com/xml/ns/persistence http://java.sun.com/xml/ns/persistence/persistence_2_0.xsd" version="2.0">

       <persistence-unit name="UVMS" transaction-type="JTA">
           <jta-data-source>java:/jdbc/UVMS</jta-data-source>
           <class>eu.europa.ec.fisheries.uvms.spatial.service.dao.entity.Country</class>
           <properties>
               <property name="hibernate.dialect" value="org.hibernate.dialect.PostgresPlusDialect" />
           </properties>

        </persistence-unit>
</persistence>